<?xml version="1.0" encoding="UTF-8"?>
<!-- Generated by org.testng.reporters.JUnitReportReporter -->
<testsuite skipped="0" hostname="WKWIN6647704" name="testCases.TestTESTNG" tests="2" failures="0" timestamp="29 Mar 2021 19:04:34 GMT" time="0.007" errors="0">
  <testcase name="testData" time="0.001" classname="testCases.TestTESTNG"/>
  <testcase name="testData" time="0.006" classname="testCases.TestTESTNG"/>
</testsuite> <!-- testCases.TestTESTNG -->
