<?xml version="1.0" encoding="UTF-8"?>
<!-- Generated by org.testng.reporters.JUnitReportReporter -->
<testsuite skipped="0" hostname="WKWIN6647704" name="testCases.HimaTestCases" tests="1" failures="0" timestamp="01 Apr 2021 16:26:48 GMT" time="3.003" errors="0">
  <testcase name="getTest" time="3.003" classname="testCases.HimaTestCases"/>
</testsuite> <!-- testCases.HimaTestCases -->
