<?xml version="1.0" encoding="UTF-8"?>
<!-- Generated by org.testng.reporters.JUnitReportReporter -->
<testsuite skipped="0" hostname="WKWIN6647704" name="TestNGBasics" tests="4" failures="0" timestamp="19 Feb 2021 14:35:05 GMT" time="0.011" errors="0">
  <testcase name="googleTitleTest" time="0.001" classname="TestNGBasics"/>
  <testcase name="googleTitleTest" time="0.002" classname="TestNGBasics"/>
  <testcase name="searchTest" time="0.002" classname="TestNGBasics"/>
  <testcase name="generateTestReport" time="0.006" classname="TestNGBasics"/>
</testsuite> <!-- TestNGBasics -->
