<?xml version="1.0" encoding="UTF-8"?>
<!-- Generated by org.testng.reporters.JUnitReportReporter -->
<testsuite skipped="0" hostname="WKWIN6647704" name="NSETest" tests="1" failures="0" timestamp="19 Feb 2021 13:12:21 GMT" time="8.777" errors="0">
  <testcase name="titleTest" time="8.777" classname="NSETest"/>
</testsuite> <!-- NSETest -->
