<?xml version="1.0" encoding="UTF-8"?>
<!-- Generated by org.testng.reporters.JUnitReportReporter -->
<testsuite skipped="0" hostname="WKWIN6647704" name="RetriveAllLinks" tests="1" failures="0" timestamp="12 Apr 2021 12:57:58 GMT" time="5.727" errors="0">
  <testcase name="getLinks" time="5.727" classname="RetriveAllLinks"/>
</testsuite> <!-- RetriveAllLinks -->
