<?xml version="1.0" encoding="UTF-8"?>
<!-- Generated by org.testng.reporters.JUnitReportReporter -->
<testsuite skipped="0" hostname="WKWIN6647704" name="temp.ChromeTest" tests="2" failures="0" timestamp="19 Feb 2021 20:38:02 GMT" time="0.009" errors="0">
  <testcase name="ChromeTestMethod" time="0.005" classname="temp.ChromeTest"/>
  <testcase name="print" time="0.004" classname="temp.ChromeTest"/>
</testsuite> <!-- temp.ChromeTest -->
