<?xml version="1.0" encoding="UTF-8"?>
<!-- Generated by org.testng.reporters.JUnitReportReporter -->
<testsuite skipped="0" hostname="WKWIN6647704" name="temp.FirefoxTest" tests="2" failures="0" timestamp="19 Feb 2021 20:38:02 GMT" time="0.004" errors="0">
  <testcase name="print" time="0.002" classname="temp.FirefoxTest"/>
  <testcase name="FirefoxTestMethod" time="0.002" classname="temp.FirefoxTest"/>
</testsuite> <!-- temp.FirefoxTest -->
