<?xml version="1.0" encoding="UTF-8"?>
<!-- Generated by org.testng.reporters.JUnitReportReporter -->
<testsuite hostname="WKWIN6647704" name="com.wallethub.testcases.FacebookHomePageTest" tests="1" failures="0" timestamp="21 Jan 2021 15:09:26 GMT" time="12.621" errors="0">
  <testcase name="verifyPostAnUpdate" time="12.621" classname="com.wallethub.testcases.FacebookHomePageTest"/>
</testsuite> <!-- com.wallethub.testcases.FacebookHomePageTest -->
